c:\users\connor\documents\visual studio 2015\projects\project1\project1\debug\vc140.pdb
c:\users\connor\documents\visual studio 2015\projects\project1\project1\debug\vc140.idb
c:\users\connor\documents\visual studio 2015\projects\project1\project1\debug\ai.obj
c:\users\connor\documents\visual studio 2015\projects\project1\project1\debug\building.obj
c:\users\connor\documents\visual studio 2015\projects\project1\project1\debug\main.obj
c:\users\connor\documents\visual studio 2015\projects\project1\project1\debug\menu.obj
c:\users\connor\documents\visual studio 2015\projects\project1\project1\debug\menumain.obj
c:\users\connor\documents\visual studio 2015\projects\project1\project1\debug\unit.obj
c:\users\connor\documents\visual studio 2015\projects\project1\project1\debug\tempvars.obj
c:\users\connor\documents\visual studio 2015\projects\project1\debug\rts.pdb
c:\users\connor\documents\visual studio 2015\projects\project1\project1\debug\rts.tlog\cl.command.1.tlog
c:\users\connor\documents\visual studio 2015\projects\project1\project1\debug\rts.tlog\cl.read.1.tlog
c:\users\connor\documents\visual studio 2015\projects\project1\project1\debug\rts.tlog\cl.write.1.tlog
c:\users\connor\documents\visual studio 2015\projects\project1\project1\debug\rts.tlog\link-cvtres.read.1.tlog
c:\users\connor\documents\visual studio 2015\projects\project1\project1\debug\rts.tlog\link-cvtres.write.1.tlog
c:\users\connor\documents\visual studio 2015\projects\project1\project1\debug\rts.tlog\link-rc.read.1.tlog
c:\users\connor\documents\visual studio 2015\projects\project1\project1\debug\rts.tlog\link-rc.write.1.tlog
c:\users\connor\documents\visual studio 2015\projects\project1\project1\debug\rts.tlog\link.command.1.tlog
c:\users\connor\documents\visual studio 2015\projects\project1\project1\debug\rts.tlog\link.read.1.tlog
c:\users\connor\documents\visual studio 2015\projects\project1\project1\debug\rts.tlog\link.write.1.tlog
